26-Feb-2022 12:45:00.720 INFORMACIÓN [main] org.apache.catalina.startup.VersionLoggerListener.log Nombre de la versión del servidor:   Apache Tomcat/9.0.31

26-Feb-2022 12:45:00.724 INFORMACIÓN [main] org.apache.catalina.startup.VersionLoggerListener.log Server built:          Feb 5 2020 19:32:12 UTC
26-Feb-2022 12:45:00.741 INFORMACIÓN [main] org.apache.catalina.startup.VersionLoggerListener.log Número de versión de servidor:         9.0.31.0
26-Feb-2022 12:45:00.742 INFORMACIÓN [main] org.apache.catalina.startup.VersionLoggerListener.log OS Name:               Windows 10
26-Feb-2022 12:45:00.742 INFORMACIÓN [main] org.apache.catalina.startup.VersionLoggerListener.log Versión de Systema Operativo:      10.0

26-Feb-2022 12:45:00.742 INFORMACIÓN [main] org.apache.catalina.startup.VersionLoggerListener.log Arquitectura:          amd64

26-Feb-2022 12:45:00.743 INFORMACIÓN [main] org.apache.catalina.startup.VersionLoggerListener.log Java Home:             C:\Program Files\Java\jdk1.8.0_201\jre
26-Feb-2022 12:45:00.743 INFORMACIÓN [main] org.apache.catalina.startup.VersionLoggerListener.log JVM Version:           1.8.0_201-b09
26-Feb-2022 12:45:00.743 INFORMACIÓN [main] org.apache.catalina.startup.VersionLoggerListener.log Vededor JVM:     Oracle Corporation
26-Feb-2022 12:45:00.744 INFORMACIÓN [main] org.apache.catalina.startup.VersionLoggerListener.log CATALINA_BASE:         C:\KonaKart
26-Feb-2022 12:45:00.744 INFORMACIÓN [main] org.apache.catalina.startup.VersionLoggerListener.log CATALINA_HOME:         C:\KonaKart
26-Feb-2022 12:45:00.874 INFORMACIÓN [main] org.apache.catalina.startup.VersionLoggerListener.log Command line argument: -Djava.util.logging.config.file=C:\KonaKart\bin\/..\conf\logging.properties
26-Feb-2022 12:45:00.875 INFORMACIÓN [main] org.apache.catalina.startup.VersionLoggerListener.log Command line argument: -Djava.util.logging.manager=org.apache.juli.ClassLoaderLogManager
26-Feb-2022 12:45:00.876 INFORMACIÓN [main] org.apache.catalina.startup.VersionLoggerListener.log Command line argument: -Djdk.tls.ephemeralDHKeySize=2048
26-Feb-2022 12:45:00.877 INFORMACIÓN [main] org.apache.catalina.startup.VersionLoggerListener.log Command line argument: -Djava.protocol.handler.pkgs=org.apache.catalina.webresources
26-Feb-2022 12:45:00.882 INFORMACIÓN [main] org.apache.catalina.startup.VersionLoggerListener.log Command line argument: -Xmx1400m
26-Feb-2022 12:45:00.903 INFORMACIÓN [main] org.apache.catalina.startup.VersionLoggerListener.log Command line argument: -Dsolr.solr.home=C:\KonaKart\bin\/../solr
26-Feb-2022 12:45:00.905 INFORMACIÓN [main] org.apache.catalina.startup.VersionLoggerListener.log Command line argument: -Djava.awt.headless=true
26-Feb-2022 12:45:00.912 INFORMACIÓN [main] org.apache.catalina.startup.VersionLoggerListener.log Command line argument: -Dactivemq.store.dir=C:\KonaKart\bin\/../mq
26-Feb-2022 12:45:00.920 INFORMACIÓN [main] org.apache.catalina.startup.VersionLoggerListener.log Command line argument: -Dkk.log4j.debug=true
26-Feb-2022 12:45:00.933 INFORMACIÓN [main] org.apache.catalina.startup.VersionLoggerListener.log Command line argument: -XX:-OmitStackTraceInFastThrow
26-Feb-2022 12:45:00.942 INFORMACIÓN [main] org.apache.catalina.startup.VersionLoggerListener.log Command line argument: -Dignore.endorsed.dirs=
26-Feb-2022 12:45:00.951 INFORMACIÓN [main] org.apache.catalina.startup.VersionLoggerListener.log Command line argument: -Dcatalina.base=C:\KonaKart\bin\/..
26-Feb-2022 12:45:00.958 INFORMACIÓN [main] org.apache.catalina.startup.VersionLoggerListener.log Command line argument: -Dcatalina.home=C:\KonaKart\bin\/..
26-Feb-2022 12:45:00.963 INFORMACIÓN [main] org.apache.catalina.startup.VersionLoggerListener.log Command line argument: -Djava.io.tmpdir=C:\KonaKart\bin\/..\temp
26-Feb-2022 12:45:00.970 INFORMACIÓN [main] org.apache.catalina.core.AprLifecycleListener.lifecycleEvent La biblioteca nativa de Apache Tomcat basada en ARP que permite un rendimiento óptimo en entornos de desarrollo no ha sido hallada en java.library.path: [C:\Program Files\Java\jdk1.8.0_201\bin;C:\WINDOWS\Sun\Java\bin;C:\WINDOWS\system32;C:\WINDOWS;C:\Program Files (x86)\Common Files\Oracle\Java\javapath;C:\Python310\Scripts\;C:\Python310\;C:\Python39\Scripts\;C:\Python39\;C:\ProgramData\Oracle\Java\javapath;C:\windows\system32;C:\windows;C:\windows\System32\Wbem;C:\windows\System32\WindowsPowerShell\v1.0\;C:\windows\System32\OpenSSH\;C:\Program Files (x86)\NVIDIA Corporation\PhysX\Common;C:\Program Files\PostgreSQL\pg11\bin;C:\ProgramData\chocolatey\bin;C:\Program Files\Java\jdk1.8.0_201\bin;C:\Python27\python.exe;C:\Program Files\Git\cmd;;C:\WINDOWS\system32;C:\WINDOWS;C:\WINDOWS\System32\Wbem;C:\WINDOWS\System32\WindowsPowerShell\v1.0\;C:\WINDOWS\System32\OpenSSH\;C:\Program Files\NVIDIA Corporation\NVIDIA NvDLISR;C:\WINDOWS\system32;C:\WINDOWS;C:\WINDOWS\System32\Wbem;C:\WINDOWS\System32\WindowsPowerShell\v1.0\;C:\WINDOWS\System32\OpenSSH\;C:\Program Files\nodejs\;C:\Users\Usuario\AppData\Local\Programs\Python\Python37\Scripts\;C:\Users\Usuario\AppData\Local\Programs\Python\Python37\;C:\Users\Usuario\AppData\Local\Microsoft\WindowsApps;C:\Users\Usuario\AppData\Local\atom\bin;C:\Program Files\JetBrains\PyCharm Community Edition 2019.1\bin;;C:\Python27\python.exe;;C:\Program Files\JetBrains\IntelliJ IDEA Community Edition 2019.2.3\bin;;C:\Users\Usuario\AppData\Local\Microsoft\WindowsApps;C:\Program Files\JetBrains\PyCharm 2021.2\bin;;C:\Program Files\JetBrains\IntelliJ IDEA 2021.2.3\bin;;C:\Users\Usuario\AppData\Roaming\npm;C:\Program Files\JetBrains\PhpStorm 2021.3.2\bin;;C:\Program Files\JetBrains\DataGrip 2021.3.4\bin;;.]
26-Feb-2022 12:45:02.560 INFORMACIÓN [main] org.apache.coyote.AbstractProtocol.init Inicializando el manejador de protocolo ["http-nio-8780"]

26-Feb-2022 12:45:02.963 INFORMACIÓN [main] org.apache.coyote.AbstractProtocol.init Inicializando el manejador de protocolo ["https-jsse-nio-8783"]

26-Feb-2022 12:45:03.561 INFORMACIÓN [main] org.apache.catalina.startup.Catalina.load Server initialization in [3.571] milliseconds
26-Feb-2022 12:45:03.631 INFORMACIÓN [main] org.apache.catalina.core.StandardService.startInternal Arrancando servicio [Catalina]
26-Feb-2022 12:45:03.631 INFORMACIÓN [main] org.apache.catalina.core.StandardEngine.startInternal Starting Servlet engine: [Apache Tomcat/9.0.31]
26-Feb-2022 12:45:03.650 INFORMACIÓN [main] org.apache.catalina.startup.HostConfig.deployDirectory Desplegando el directorio [C:\KonaKart\webapps\birtviewer] de la aplicación web
26-Feb-2022 12:45:13.318 INFORMACIÓN [main] org.apache.jasper.servlet.TldScanner.scanJars Al menos un JAR, que se ha explorado buscando TLDs, aún no contenía TLDs. Activar historial de depuración para este historiador para una completa lista de los JARs que fueron explorados y de los que nos se halló TLDs. Saltarse JARs no necesarios durante la exploración puede dar lugar a una mejora de tiempo significativa en el arranque y compilación de JSP .
26-Feb-2022 12:45:16.518 INFORMACIÓN [main] org.apache.catalina.startup.HostConfig.deployDirectory Deployment of web application directory [C:\KonaKart\webapps\birtviewer] has finished in [12.868] ms
26-Feb-2022 12:45:16.518 INFORMACIÓN [main] org.apache.catalina.startup.HostConfig.deployDirectory Desplegando el directorio [C:\KonaKart\webapps\javadoc] de la aplicación web
26-Feb-2022 12:45:16.557 INFORMACIÓN [main] org.apache.catalina.startup.HostConfig.deployDirectory Deployment of web application directory [C:\KonaKart\webapps\javadoc] has finished in [38] ms
26-Feb-2022 12:45:16.557 INFORMACIÓN [main] org.apache.catalina.startup.HostConfig.deployDirectory Desplegando el directorio [C:\KonaKart\webapps\konakart] de la aplicación web
26-Feb-2022 12:45:33.140 INFORMACIÓN [main] org.apache.jasper.servlet.TldScanner.scanJars Al menos un JAR, que se ha explorado buscando TLDs, aún no contenía TLDs. Activar historial de depuración para este historiador para una completa lista de los JARs que fueron explorados y de los que nos se halló TLDs. Saltarse JARs no necesarios durante la exploración puede dar lugar a una mejora de tiempo significativa en el arranque y compilación de JSP .
26-Feb-2022 12:45:41.841 INFORMACIÓN [main] org.apache.catalina.startup.HostConfig.deployDirectory Deployment of web application directory [C:\KonaKart\webapps\konakart] has finished in [25.284] ms
26-Feb-2022 12:45:41.841 INFORMACIÓN [main] org.apache.catalina.startup.HostConfig.deployDirectory Desplegando el directorio [C:\KonaKart\webapps\konakartadmin] de la aplicación web
26-Feb-2022 12:45:54.135 INFORMACIÓN [main] org.apache.jasper.servlet.TldScanner.scanJars Al menos un JAR, que se ha explorado buscando TLDs, aún no contenía TLDs. Activar historial de depuración para este historiador para una completa lista de los JARs que fueron explorados y de los que nos se halló TLDs. Saltarse JARs no necesarios durante la exploración puede dar lugar a una mejora de tiempo significativa en el arranque y compilación de JSP .
26-Feb-2022 12:45:56.611 INFORMACIÓN [main] org.apache.catalina.startup.HostConfig.deployDirectory Deployment of web application directory [C:\KonaKart\webapps\konakartadmin] has finished in [14.770] ms
26-Feb-2022 12:45:56.611 INFORMACIÓN [main] org.apache.catalina.startup.HostConfig.deployDirectory Desplegando el directorio [C:\KonaKart\webapps\ROOT] de la aplicación web
26-Feb-2022 12:45:56.658 INFORMACIÓN [main] org.apache.catalina.startup.HostConfig.deployDirectory Deployment of web application directory [C:\KonaKart\webapps\ROOT] has finished in [47] ms
26-Feb-2022 12:45:56.664 INFORMACIÓN [main] org.apache.coyote.AbstractProtocol.start Starting ProtocolHandler ["http-nio-8780"]
26-Feb-2022 12:45:56.682 INFORMACIÓN [main] org.apache.coyote.AbstractProtocol.start Starting ProtocolHandler ["https-jsse-nio-8783"]
26-Feb-2022 12:45:56.687 INFORMACIÓN [main] org.apache.catalina.startup.Catalina.start Server startup in [53.125] milliseconds
