
C:\KonaKart>REM

C:\KonaKart>REM Copy duplicate files - Generated by CreateInstallDuplicatesScripts 

C:\KonaKart>REM

C:\KonaKart>REM Copy jars from konakartadmin to konakart 

C:\KonaKart>COPY C:\KonaKart\webapps\konakartadmin\WEB-INF\lib\mysql-connector-java-5.1.46.jar C:\KonaKart\webapps\konakart\WEB-INF\lib\ 
El sistema no puede encontrar el archivo especificado.

C:\KonaKart>COPY C:\KonaKart\webapps\konakartadmin\WEB-INF\lib\postgresql-42.2.2.jre7.jar C:\KonaKart\webapps\konakart\WEB-INF\lib\ 
El sistema no puede encontrar el archivo especificado.

C:\KonaKart>COPY C:\KonaKart\webapps\konakartadmin\WEB-INF\lib\ojdbc8.jar C:\KonaKart\webapps\konakart\WEB-INF\lib\ 
El sistema no puede encontrar el archivo especificado.

C:\KonaKart>COPY C:\KonaKart\webapps\konakartadmin\WEB-INF\lib\db2jcc.jar C:\KonaKart\webapps\konakart\WEB-INF\lib\ 
El sistema no puede encontrar el archivo especificado.

C:\KonaKart>COPY C:\KonaKart\webapps\konakartadmin\WEB-INF\lib\db2jcc_license_cu.jar C:\KonaKart\webapps\konakart\WEB-INF\lib\ 
El sistema no puede encontrar el archivo especificado.

C:\KonaKart>COPY C:\KonaKart\webapps\konakartadmin\WEB-INF\lib\jtds-1.2.6.jar C:\KonaKart\webapps\konakart\WEB-INF\lib\ 
El sistema no puede encontrar el archivo especificado.

C:\KonaKart>COPY C:\KonaKart\webapps\konakartadmin\WEB-INF\lib\konakart-*.jar C:\KonaKart\webapps\konakart\WEB-INF\lib\ 
C:\KonaKart\webapps\konakartadmin\WEB-INF\lib\konakart-*.jar 
El sistema no puede encontrar el archivo especificado.
        0 archivo(s) copiado(s).

C:\KonaKart>COPY C:\KonaKart\webapps\konakartadmin\WEB-INF\lib\konakart_custom_utils-*.jar C:\KonaKart\webapps\konakart\WEB-INF\lib\ 
C:\KonaKart\webapps\konakartadmin\WEB-INF\lib\konakart_custom_utils-*.jar 
El sistema no puede encontrar el archivo especificado.
        0 archivo(s) copiado(s).

C:\KonaKart>COPY C:\KonaKart\webapps\konakartadmin\WEB-INF\lib\konakart_fedex-*.jar C:\KonaKart\webapps\konakart\WEB-INF\lib\ 
C:\KonaKart\webapps\konakartadmin\WEB-INF\lib\konakart_fedex-*.jar 
El sistema no puede encontrar el archivo especificado.
        0 archivo(s) copiado(s).

C:\KonaKart>COPY C:\KonaKart\webapps\konakartadmin\WEB-INF\lib\konakart_ordertotal*.jar C:\KonaKart\webapps\konakart\WEB-INF\lib\ 
C:\KonaKart\webapps\konakartadmin\WEB-INF\lib\konakart_ordertotal*.jar 
El sistema no puede encontrar el archivo especificado.
        0 archivo(s) copiado(s).

C:\KonaKart>COPY C:\KonaKart\webapps\konakartadmin\WEB-INF\lib\konakart_others*.jar C:\KonaKart\webapps\konakart\WEB-INF\lib\ 
C:\KonaKart\webapps\konakartadmin\WEB-INF\lib\konakart_others*.jar 
El sistema no puede encontrar el archivo especificado.
        0 archivo(s) copiado(s).

C:\KonaKart>COPY C:\KonaKart\webapps\konakartadmin\WEB-INF\lib\konakart_payment*.jar C:\KonaKart\webapps\konakart\WEB-INF\lib\ 
C:\KonaKart\webapps\konakartadmin\WEB-INF\lib\konakart_payment*.jar 
El sistema no puede encontrar el archivo especificado.
        0 archivo(s) copiado(s).

C:\KonaKart>COPY C:\KonaKart\webapps\konakartadmin\WEB-INF\lib\konakart_shipping*.jar C:\KonaKart\webapps\konakart\WEB-INF\lib\ 
C:\KonaKart\webapps\konakartadmin\WEB-INF\lib\konakart_shipping*.jar 
El sistema no puede encontrar el archivo especificado.
        0 archivo(s) copiado(s).

C:\KonaKart>COPY C:\KonaKart\webapps\konakartadmin\WEB-INF\lib\konakart_torque-*.jar C:\KonaKart\webapps\konakart\WEB-INF\lib\ 
C:\KonaKart\webapps\konakartadmin\WEB-INF\lib\konakart_torque-*.jar 
El sistema no puede encontrar el archivo especificado.
        0 archivo(s) copiado(s).

C:\KonaKart>COPY C:\KonaKart\webapps\konakartadmin\WEB-INF\lib\konakart_utils-*.jar C:\KonaKart\webapps\konakart\WEB-INF\lib\ 
C:\KonaKart\webapps\konakartadmin\WEB-INF\lib\konakart_utils-*.jar 
El sistema no puede encontrar el archivo especificado.
        0 archivo(s) copiado(s).

C:\KonaKart>COPY C:\KonaKart\webapps\konakartadmin\WEB-INF\lib\konakart_village-*.jar C:\KonaKart\webapps\konakart\WEB-INF\lib\ 
C:\KonaKart\webapps\konakartadmin\WEB-INF\lib\konakart_village-*.jar 
El sistema no puede encontrar el archivo especificado.
        0 archivo(s) copiado(s).

C:\KonaKart>COPY C:\KonaKart\webapps\konakartadmin\WEB-INF\lib\konakart_authorizenet-*.jar C:\KonaKart\webapps\konakart\WEB-INF\lib\ 
C:\KonaKart\webapps\konakartadmin\WEB-INF\lib\konakart_authorizenet-*.jar 
El sistema no puede encontrar el archivo especificado.
        0 archivo(s) copiado(s).

C:\KonaKart>REM Copy jars from konakart to konakartadmin 

C:\KonaKart>COPY C:\KonaKart\webapps\konakart\WEB-INF\lib\mysql-connector-java-5.1.46.jar C:\KonaKart\webapps\konakartadmin\WEB-INF\lib\ 
        1 archivo(s) copiado(s).

C:\KonaKart>COPY C:\KonaKart\webapps\konakart\WEB-INF\lib\postgresql-42.2.2.jre7.jar C:\KonaKart\webapps\konakartadmin\WEB-INF\lib\ 
        1 archivo(s) copiado(s).

C:\KonaKart>COPY C:\KonaKart\webapps\konakart\WEB-INF\lib\ojdbc8.jar C:\KonaKart\webapps\konakartadmin\WEB-INF\lib\ 
        1 archivo(s) copiado(s).

C:\KonaKart>COPY C:\KonaKart\webapps\konakart\WEB-INF\lib\db2jcc.jar C:\KonaKart\webapps\konakartadmin\WEB-INF\lib\ 
        1 archivo(s) copiado(s).

C:\KonaKart>COPY C:\KonaKart\webapps\konakart\WEB-INF\lib\db2jcc_license_cu.jar C:\KonaKart\webapps\konakartadmin\WEB-INF\lib\ 
        1 archivo(s) copiado(s).

C:\KonaKart>COPY C:\KonaKart\webapps\konakart\WEB-INF\lib\jtds-1.2.6.jar C:\KonaKart\webapps\konakartadmin\WEB-INF\lib\ 
        1 archivo(s) copiado(s).

C:\KonaKart>COPY C:\KonaKart\webapps\konakart\WEB-INF\lib\activation-1.1.1.jar C:\KonaKart\webapps\konakartadmin\WEB-INF\lib\ 
        1 archivo(s) copiado(s).

C:\KonaKart>COPY C:\KonaKart\webapps\konakart\WEB-INF\lib\antlr-2.7.2.jar C:\KonaKart\webapps\konakartadmin\WEB-INF\lib\ 
El sistema no puede encontrar el archivo especificado.

C:\KonaKart>COPY C:\KonaKart\webapps\konakart\WEB-INF\lib\avalon-framework-api-4.3.jar C:\KonaKart\webapps\konakartadmin\WEB-INF\lib\ 
        1 archivo(s) copiado(s).

C:\KonaKart>COPY C:\KonaKart\webapps\konakart\WEB-INF\lib\avalon-logkit-2.1.jar C:\KonaKart\webapps\konakartadmin\WEB-INF\lib\ 
        1 archivo(s) copiado(s).

C:\KonaKart>COPY C:\KonaKart\webapps\konakart\WEB-INF\lib\axis-1.4.jar C:\KonaKart\webapps\konakartadmin\WEB-INF\lib\ 
        1 archivo(s) copiado(s).

C:\KonaKart>COPY C:\KonaKart\webapps\konakart\WEB-INF\lib\commons-beanutils-1.9.3.jar C:\KonaKart\webapps\konakartadmin\WEB-INF\lib\ 
        1 archivo(s) copiado(s).

C:\KonaKart>COPY C:\KonaKart\webapps\konakart\WEB-INF\lib\commons-collections4-4.1.jar C:\KonaKart\webapps\konakartadmin\WEB-INF\lib\ 
        1 archivo(s) copiado(s).

C:\KonaKart>COPY C:\KonaKart\webapps\konakart\WEB-INF\lib\commons-configuration2-2.2.jar C:\KonaKart\webapps\konakartadmin\WEB-INF\lib\ 
        1 archivo(s) copiado(s).

C:\KonaKart>COPY C:\KonaKart\webapps\konakart\WEB-INF\lib\commons-dbcp-1.4.jar C:\KonaKart\webapps\konakartadmin\WEB-INF\lib\ 
        1 archivo(s) copiado(s).

C:\KonaKart>COPY C:\KonaKart\webapps\konakart\WEB-INF\lib\commons-digester3-3.2.jar C:\KonaKart\webapps\konakartadmin\WEB-INF\lib\ 
        1 archivo(s) copiado(s).

C:\KonaKart>COPY C:\KonaKart\webapps\konakart\WEB-INF\lib\commons-discovery-0.5.jar C:\KonaKart\webapps\konakartadmin\WEB-INF\lib\ 
        1 archivo(s) copiado(s).

C:\KonaKart>COPY C:\KonaKart\webapps\konakart\WEB-INF\lib\commons-fileupload-1.3.3.jar C:\KonaKart\webapps\konakartadmin\WEB-INF\lib\ 
        1 archivo(s) copiado(s).

C:\KonaKart>COPY C:\KonaKart\webapps\konakart\WEB-INF\lib\commons-io-2.6.jar C:\KonaKart\webapps\konakartadmin\WEB-INF\lib\ 
        1 archivo(s) copiado(s).

C:\KonaKart>COPY C:\KonaKart\webapps\konakart\WEB-INF\lib\commons-lang-2.6.jar C:\KonaKart\webapps\konakartadmin\WEB-INF\lib\ 
        1 archivo(s) copiado(s).

C:\KonaKart>COPY C:\KonaKart\webapps\konakart\WEB-INF\lib\commons-lang3-3.7.jar C:\KonaKart\webapps\konakartadmin\WEB-INF\lib\ 
        1 archivo(s) copiado(s).

C:\KonaKart>COPY C:\KonaKart\webapps\konakart\WEB-INF\lib\commons-logging-1.1.1.jar C:\KonaKart\webapps\konakartadmin\WEB-INF\lib\ 
        1 archivo(s) copiado(s).

C:\KonaKart>COPY C:\KonaKart\webapps\konakart\WEB-INF\lib\commons-pool-1.3.jar C:\KonaKart\webapps\konakartadmin\WEB-INF\lib\ 
        1 archivo(s) copiado(s).

C:\KonaKart>COPY C:\KonaKart\webapps\konakart\WEB-INF\lib\commons-validator-1.6.jar C:\KonaKart\webapps\konakartadmin\WEB-INF\lib\ 
        1 archivo(s) copiado(s).

C:\KonaKart>COPY C:\KonaKart\webapps\konakart\WEB-INF\lib\validation-api-1.0.0.GA.jar C:\KonaKart\webapps\konakartadmin\WEB-INF\lib\ 
        1 archivo(s) copiado(s).

C:\KonaKart>COPY C:\KonaKart\webapps\konakart\WEB-INF\lib\oro-2.0.8.jar C:\KonaKart\webapps\konakartadmin\WEB-INF\lib\ 
        1 archivo(s) copiado(s).

C:\KonaKart>COPY C:\KonaKart\webapps\konakart\WEB-INF\lib\axis-jaxrpc-1.4.jar C:\KonaKart\webapps\konakartadmin\WEB-INF\lib\ 
        1 archivo(s) copiado(s).

C:\KonaKart>COPY C:\KonaKart\webapps\konakart\WEB-INF\lib\jcs-1.3.jar C:\KonaKart\webapps\konakartadmin\WEB-INF\lib\ 
        1 archivo(s) copiado(s).

C:\KonaKart>COPY C:\KonaKart\webapps\konakart\WEB-INF\lib\jdbc-stdext-2.0.jar C:\KonaKart\webapps\konakartadmin\WEB-INF\lib\ 
        1 archivo(s) copiado(s).

C:\KonaKart>COPY C:\KonaKart\webapps\konakart\WEB-INF\lib\jdom-1.0.jar C:\KonaKart\webapps\konakartadmin\WEB-INF\lib\ 
        1 archivo(s) copiado(s).

C:\KonaKart>COPY C:\KonaKart\webapps\konakart\WEB-INF\lib\jndi-1.2.1.jar C:\KonaKart\webapps\konakartadmin\WEB-INF\lib\ 
        1 archivo(s) copiado(s).

C:\KonaKart>COPY C:\KonaKart\webapps\konakart\WEB-INF\lib\konakart-*.jar C:\KonaKart\webapps\konakartadmin\WEB-INF\lib\ 
C:\KonaKart\webapps\konakart\WEB-INF\lib\konakart-9.4.0.2.jar
        1 archivo(s) copiado(s).

C:\KonaKart>COPY C:\KonaKart\webapps\konakart\WEB-INF\lib\konakart_custom_utils-*.jar C:\KonaKart\webapps\konakartadmin\WEB-INF\lib\ 
C:\KonaKart\webapps\konakart\WEB-INF\lib\konakart_custom_utils-9.4.0.2.jar
        1 archivo(s) copiado(s).

C:\KonaKart>COPY C:\KonaKart\webapps\konakart\WEB-INF\lib\konakart_fedex-*.jar C:\KonaKart\webapps\konakartadmin\WEB-INF\lib\ 
C:\KonaKart\webapps\konakart\WEB-INF\lib\konakart_fedex-9.4.0.2.jar
        1 archivo(s) copiado(s).

C:\KonaKart>COPY C:\KonaKart\webapps\konakart\WEB-INF\lib\konakart_ordertotal*.jar C:\KonaKart\webapps\konakartadmin\WEB-INF\lib\ 
C:\KonaKart\webapps\konakart\WEB-INF\lib\konakart_ordertotal_buyxgetyfree-9.4.0.2.jar
C:\KonaKart\webapps\konakart\WEB-INF\lib\konakart_ordertotal_externaltax-9.4.0.2.jar
C:\KonaKart\webapps\konakart\WEB-INF\lib\konakart_ordertotal_freeproduct-9.4.0.2.jar
C:\KonaKart\webapps\konakart\WEB-INF\lib\konakart_ordertotal_giftcertificate-9.4.0.2.jar
C:\KonaKart\webapps\konakart\WEB-INF\lib\konakart_ordertotal_paymentcharge-9.4.0.2.jar
C:\KonaKart\webapps\konakart\WEB-INF\lib\konakart_ordertotal_productdiscount-9.4.0.2.jar
C:\KonaKart\webapps\konakart\WEB-INF\lib\konakart_ordertotal_productrewardpoints-9.4.0.2.jar
C:\KonaKart\webapps\konakart\WEB-INF\lib\konakart_ordertotal_redeempoints-9.4.0.2.jar
C:\KonaKart\webapps\konakart\WEB-INF\lib\konakart_ordertotal_rewardpoints-9.4.0.2.jar
C:\KonaKart\webapps\konakart\WEB-INF\lib\konakart_ordertotal_shipping-9.4.0.2.jar
C:\KonaKart\webapps\konakart\WEB-INF\lib\konakart_ordertotal_shippingdiscount-9.4.0.2.jar
C:\KonaKart\webapps\konakart\WEB-INF\lib\konakart_ordertotal_subtotal-9.4.0.2.jar
C:\KonaKart\webapps\konakart\WEB-INF\lib\konakart_ordertotal_tax-9.4.0.2.jar
C:\KonaKart\webapps\konakart\WEB-INF\lib\konakart_ordertotal_taxcloud-9.4.0.2.jar
C:\KonaKart\webapps\konakart\WEB-INF\lib\konakart_ordertotal_thomson-9.4.0.2.jar
C:\KonaKart\webapps\konakart\WEB-INF\lib\konakart_ordertotal_total-9.4.0.2.jar
C:\KonaKart\webapps\konakart\WEB-INF\lib\konakart_ordertotal_totaldiscount-9.4.0.2.jar
C:\KonaKart\webapps\konakart\WEB-INF\lib\konakart_ordertotal_totaldiscountadmin-9.4.0.2.jar
       18 archivo(s) copiado(s).

C:\KonaKart>COPY C:\KonaKart\webapps\konakart\WEB-INF\lib\konakart_others*.jar C:\KonaKart\webapps\konakartadmin\WEB-INF\lib\ 
C:\KonaKart\webapps\konakart\WEB-INF\lib\konakart_others*.jar 
El sistema no puede encontrar el archivo especificado.
        0 archivo(s) copiado(s).

C:\KonaKart>COPY C:\KonaKart\webapps\konakart\WEB-INF\lib\konakart_payment*.jar C:\KonaKart\webapps\konakartadmin\WEB-INF\lib\ 
C:\KonaKart\webapps\konakart\WEB-INF\lib\konakart_payment_banktransfer-9.4.0.2.jar
C:\KonaKart\webapps\konakart\WEB-INF\lib\konakart_payment_barclaycardsmartpayapi-9.4.0.2.jar
C:\KonaKart\webapps\konakart\WEB-INF\lib\konakart_payment_barclaycardsmartpayhosted-9.4.0.2.jar
C:\KonaKart\webapps\konakart\WEB-INF\lib\konakart_payment_bluepay-9.4.0.2.jar
C:\KonaKart\webapps\konakart\WEB-INF\lib\konakart_payment_caledon-9.4.0.2.jar
C:\KonaKart\webapps\konakart\WEB-INF\lib\konakart_payment_cod-9.4.0.2.jar
C:\KonaKart\webapps\konakart\WEB-INF\lib\konakart_payment_commideavanguard-9.4.0.2.jar
C:\KonaKart\webapps\konakart\WEB-INF\lib\konakart_payment_customercard-9.4.0.2.jar
C:\KonaKart\webapps\konakart\WEB-INF\lib\konakart_payment_cybersourcesa-9.4.0.2.jar
C:\KonaKart\webapps\konakart\WEB-INF\lib\konakart_payment_elink-9.4.0.2.jar
C:\KonaKart\webapps\konakart\WEB-INF\lib\konakart_payment_eway_au-9.4.0.2.jar
C:\KonaKart\webapps\konakart\WEB-INF\lib\konakart_payment_globalcollect-9.4.0.2.jar
C:\KonaKart\webapps\konakart\WEB-INF\lib\konakart_payment_moneybookers-9.4.0.2.jar
C:\KonaKart\webapps\konakart\WEB-INF\lib\konakart_payment_netpayintl-9.4.0.2.jar
C:\KonaKart\webapps\konakart\WEB-INF\lib\konakart_payment_payflowpro-9.4.0.2.jar
C:\KonaKart\webapps\konakart\WEB-INF\lib\konakart_payment_payjunction-9.4.0.2.jar
C:\KonaKart\webapps\konakart\WEB-INF\lib\konakart_payment_paypal-9.4.0.2.jar
C:\KonaKart\webapps\konakart\WEB-INF\lib\konakart_payment_usaepay-9.4.0.2.jar
C:\KonaKart\webapps\konakart\WEB-INF\lib\konakart_payment_worldpay-9.4.0.2.jar
C:\KonaKart\webapps\konakart\WEB-INF\lib\konakart_payment_worldpayxmlredirect-9.4.0.2.jar
       20 archivo(s) copiado(s).

C:\KonaKart>COPY C:\KonaKart\webapps\konakart\WEB-INF\lib\konakart_shipping*.jar C:\KonaKart\webapps\konakartadmin\WEB-INF\lib\ 
C:\KonaKart\webapps\konakart\WEB-INF\lib\konakart_shipping_digitaldownload-9.4.0.2.jar
C:\KonaKart\webapps\konakart\WEB-INF\lib\konakart_shipping_fedex-9.4.0.2.jar
C:\KonaKart\webapps\konakart\WEB-INF\lib\konakart_shipping_flat-9.4.0.2.jar
C:\KonaKart\webapps\konakart\WEB-INF\lib\konakart_shipping_free-9.4.0.2.jar
C:\KonaKart\webapps\konakart\WEB-INF\lib\konakart_shipping_freeproduct-9.4.0.2.jar
C:\KonaKart\webapps\konakart\WEB-INF\lib\konakart_shipping_item-9.4.0.2.jar
C:\KonaKart\webapps\konakart\WEB-INF\lib\konakart_shipping_pickupinstore-9.4.0.2.jar
C:\KonaKart\webapps\konakart\WEB-INF\lib\konakart_shipping_table-9.4.0.2.jar
C:\KonaKart\webapps\konakart\WEB-INF\lib\konakart_shipping_ups-9.4.0.2.jar
C:\KonaKart\webapps\konakart\WEB-INF\lib\konakart_shipping_usps-9.4.0.2.jar
C:\KonaKart\webapps\konakart\WEB-INF\lib\konakart_shipping_uspsint-9.4.0.2.jar
C:\KonaKart\webapps\konakart\WEB-INF\lib\konakart_shipping_zones-9.4.0.2.jar
       12 archivo(s) copiado(s).

C:\KonaKart>COPY C:\KonaKart\webapps\konakart\WEB-INF\lib\konakart_torque-*.jar C:\KonaKart\webapps\konakartadmin\WEB-INF\lib\ 
C:\KonaKart\webapps\konakart\WEB-INF\lib\konakart_torque-9.4.0.2.jar
        1 archivo(s) copiado(s).

C:\KonaKart>COPY C:\KonaKart\webapps\konakart\WEB-INF\lib\konakart_utils-*.jar C:\KonaKart\webapps\konakartadmin\WEB-INF\lib\ 
C:\KonaKart\webapps\konakart\WEB-INF\lib\konakart_utils-9.4.0.2.jar
        1 archivo(s) copiado(s).

C:\KonaKart>COPY C:\KonaKart\webapps\konakart\WEB-INF\lib\konakart_village-*.jar C:\KonaKart\webapps\konakartadmin\WEB-INF\lib\ 
C:\KonaKart\webapps\konakart\WEB-INF\lib\konakart_village-9.4.0.2.jar
        1 archivo(s) copiado(s).

C:\KonaKart>COPY C:\KonaKart\webapps\konakart\WEB-INF\lib\konakart_authorizenet-*.jar C:\KonaKart\webapps\konakartadmin\WEB-INF\lib\ 
C:\KonaKart\webapps\konakart\WEB-INF\lib\konakart_authorizenet-*.jar 
El sistema no puede encontrar el archivo especificado.
        0 archivo(s) copiado(s).

C:\KonaKart>COPY C:\KonaKart\webapps\konakart\WEB-INF\lib\log4j-api-2.17.0.jar C:\KonaKart\webapps\konakartadmin\WEB-INF\lib\ 
        1 archivo(s) copiado(s).

C:\KonaKart>COPY C:\KonaKart\webapps\konakart\WEB-INF\lib\logkit-1.0.1.jar C:\KonaKart\webapps\konakartadmin\WEB-INF\lib\ 
        1 archivo(s) copiado(s).

C:\KonaKart>COPY C:\KonaKart\webapps\konakart\WEB-INF\lib\javax.mail-api-1.5.5.jar C:\KonaKart\webapps\konakartadmin\WEB-INF\lib\ 
        1 archivo(s) copiado(s).

C:\KonaKart>COPY C:\KonaKart\webapps\konakart\WEB-INF\lib\oro-2.0.8.jar C:\KonaKart\webapps\konakartadmin\WEB-INF\lib\ 
        1 archivo(s) copiado(s).

C:\KonaKart>COPY C:\KonaKart\webapps\konakart\WEB-INF\lib\axis-saaj-1.4.jar C:\KonaKart\webapps\konakartadmin\WEB-INF\lib\ 
El sistema no puede encontrar el archivo especificado.

C:\KonaKart>COPY C:\KonaKart\webapps\konakart\WEB-INF\lib\stratum-1.0-b3.jar C:\KonaKart\webapps\konakartadmin\WEB-INF\lib\ 
        1 archivo(s) copiado(s).

C:\KonaKart>COPY C:\KonaKart\webapps\konakart\WEB-INF\lib\velocity-1.6.2.jar C:\KonaKart\webapps\konakartadmin\WEB-INF\lib\ 
        1 archivo(s) copiado(s).

C:\KonaKart>COPY C:\KonaKart\webapps\konakart\WEB-INF\lib\velocity-tools-1.3.jar C:\KonaKart\webapps\konakartadmin\WEB-INF\lib\ 
        1 archivo(s) copiado(s).

C:\KonaKart>COPY C:\KonaKart\webapps\konakart\WEB-INF\lib\werken-xpath-0.9.4.jar C:\KonaKart\webapps\konakartadmin\WEB-INF\lib\ 
        1 archivo(s) copiado(s).

C:\KonaKart>COPY C:\KonaKart\webapps\konakart\WEB-INF\lib\wsdl4j-*.jar C:\KonaKart\webapps\konakartadmin\WEB-INF\lib\ 
C:\KonaKart\webapps\konakart\WEB-INF\lib\wsdl4j-1.6.3.jar
        1 archivo(s) copiado(s).

C:\KonaKart>COPY C:\KonaKart\webapps\konakart\WEB-INF\lib\xml-apis-1.0.b2.jar C:\KonaKart\webapps\konakartadmin\WEB-INF\lib\ 
        1 archivo(s) copiado(s).

C:\KonaKart>REM Copy jars from konakart to birtviewer 

C:\KonaKart>COPY C:\KonaKart\webapps\konakart\WEB-INF\lib\mysql-connector-java-5.1.46.jar C:\KonaKart\webapps\birtviewer\WEB-INF\lib\ 
        1 archivo(s) copiado(s).

C:\KonaKart>COPY C:\KonaKart\webapps\konakart\WEB-INF\lib\postgresql-42.2.2.jre7.jar C:\KonaKart\webapps\birtviewer\WEB-INF\lib\ 
        1 archivo(s) copiado(s).

C:\KonaKart>COPY C:\KonaKart\webapps\konakart\WEB-INF\lib\ojdbc8.jar C:\KonaKart\webapps\birtviewer\WEB-INF\lib\ 
        1 archivo(s) copiado(s).

C:\KonaKart>COPY C:\KonaKart\webapps\konakart\WEB-INF\lib\db2jcc.jar C:\KonaKart\webapps\birtviewer\WEB-INF\lib\ 
        1 archivo(s) copiado(s).

C:\KonaKart>COPY C:\KonaKart\webapps\konakart\WEB-INF\lib\db2jcc_license_cu.jar C:\KonaKart\webapps\birtviewer\WEB-INF\lib\ 
        1 archivo(s) copiado(s).

C:\KonaKart>COPY C:\KonaKart\webapps\konakart\WEB-INF\lib\jtds-1.2.6.jar C:\KonaKart\webapps\birtviewer\WEB-INF\lib\ 
        1 archivo(s) copiado(s).

C:\KonaKart>COPY C:\KonaKart\webapps\konakart\WEB-INF\lib\activation-1.1.1.jar C:\KonaKart\webapps\birtviewer\WEB-INF\lib\ 
        1 archivo(s) copiado(s).

C:\KonaKart>COPY C:\KonaKart\webapps\konakart\WEB-INF\lib\axis-1.4.jar C:\KonaKart\webapps\birtviewer\WEB-INF\lib\ 
        1 archivo(s) copiado(s).

C:\KonaKart>COPY C:\KonaKart\webapps\konakart\WEB-INF\lib\commons-collections4-4.1.jar C:\KonaKart\webapps\birtviewer\WEB-INF\lib\ 
        1 archivo(s) copiado(s).

C:\KonaKart>COPY C:\KonaKart\webapps\konakart\WEB-INF\lib\commons-configuration2-2.2.jar C:\KonaKart\webapps\birtviewer\WEB-INF\lib\ 
        1 archivo(s) copiado(s).

C:\KonaKart>COPY C:\KonaKart\webapps\konakart\WEB-INF\lib\commons-discovery-0.5.jar C:\KonaKart\webapps\birtviewer\WEB-INF\lib\ 
        1 archivo(s) copiado(s).

C:\KonaKart>COPY C:\KonaKart\webapps\konakart\WEB-INF\lib\commons-lang3-3.7.jar C:\KonaKart\webapps\birtviewer\WEB-INF\lib\ 
        1 archivo(s) copiado(s).

C:\KonaKart>COPY C:\KonaKart\webapps\konakart\WEB-INF\lib\commons-logging-1.1.1.jar C:\KonaKart\webapps\birtviewer\WEB-INF\lib\ 
        1 archivo(s) copiado(s).

C:\KonaKart>COPY C:\KonaKart\webapps\konakart\WEB-INF\lib\axis-jaxrpc-1.4.jar C:\KonaKart\webapps\birtviewer\WEB-INF\lib\ 
        1 archivo(s) copiado(s).

C:\KonaKart>COPY C:\KonaKart\webapps\konakart\WEB-INF\lib\log4j-api-2.17.0.jar C:\KonaKart\webapps\birtviewer\WEB-INF\lib\ 
        1 archivo(s) copiado(s).

C:\KonaKart>COPY C:\KonaKart\webapps\konakart\WEB-INF\lib\javax.mail-api-1.5.5.jar C:\KonaKart\webapps\birtviewer\WEB-INF\lib\ 
        1 archivo(s) copiado(s).

C:\KonaKart>COPY C:\KonaKart\webapps\konakart\WEB-INF\lib\axis-saaj-1.4.jar C:\KonaKart\webapps\birtviewer\WEB-INF\lib\ 
El sistema no puede encontrar el archivo especificado.

C:\KonaKart>COPY C:\KonaKart\webapps\konakart\WEB-INF\lib\wsdl4j-*.jar C:\KonaKart\webapps\birtviewer\WEB-INF\lib\ 
C:\KonaKart\webapps\konakart\WEB-INF\lib\wsdl4j-1.6.3.jar
        1 archivo(s) copiado(s).

C:\KonaKart>REM Copy AdminMessages from konakartadmin to konakart 

C:\KonaKart>COPY C:\KonaKart\webapps\konakartadmin\WEB-INF\classes\AdminMessages*.properties C:\KonaKart\webapps\konakart\WEB-INF\classes\ 
C:\KonaKart\webapps\konakartadmin\WEB-INF\classes\AdminMessages.properties
C:\KonaKart\webapps\konakartadmin\WEB-INF\classes\AdminMessages_de.properties
C:\KonaKart\webapps\konakartadmin\WEB-INF\classes\AdminMessages_es.properties
C:\KonaKart\webapps\konakartadmin\WEB-INF\classes\AdminMessages_fr.properties
C:\KonaKart\webapps\konakartadmin\WEB-INF\classes\AdminMessages_it.properties
C:\KonaKart\webapps\konakartadmin\WEB-INF\classes\AdminMessages_pt.properties
        6 archivo(s) copiado(s).
